3675
2238
3025
3236
3052
0926
0970
0109
2086
2625
4234
3739
0144
0038
3829
0173
3045
0205
3703
2018
0289
4336
2212
0393
0399
2243
0418
1983
3832
3243
2190
3710
3847
0493
3853
3024
2075
2065
0520
2261
1963
0549
3533
0559
3954
2195
2026
3107
2080
2125
0645
0673
2235
2199
2071
1976
3330
2091
0801
3336
0823
3231
2034
3617
1794
2733
4508
3609
2739
3517
2204
3340
3871
4229
0946
2204
3340
3871
4229
0946
3600
0975
0979
0984
2040
1030
4422
2183
1054
1057
1067
1074
2254
3269
4242
3150
1111
3654
2227
2234
3597
2213
3240
2129
0930
1209
3012
1228
3030
3864
3173
2230
0600
3784
3716
1346
1377
2203
3881
3826
2246
1301
3974
2166
0986
3009
1458
1465
1476
1484
1498
3058
3999
0081
2226
2221
1548
3928
2112
2062
2974
1522
3283
4018
1560
1591
2206
2158
2102
3105
1638
1641
1664
2176
1680
2207
2115
3461
2982
3169
3749
1750
1752
2998
3838
3050
1813
2926
2927
3463
3910
2167
3467
3278
1880
1885
1889
1893
1904
1980
2136
3117
2108